<?xml version="1.0" encoding="utf-8"?><testsuites name="pytest tests"><testsuite name="pytest" errors="0" failures="0" skipped="0" tests="31" time="6.713" timestamp="2026-05-07T20:53:26.387540+00:00" hostname="agent-env-3510423d-3b96-4d97-95cf-710201ecce45"><testcase classname="backend.tests.test_api.TestVersion" name="test_version_endpoint" time="0.255" /><testcase classname="backend.tests.test_api.TestAuthentication" name="test_login_with_master_key" time="0.144" /><testcase classname="backend.tests.test_api.TestAuthentication" name="test_login_with_invalid_key" time="0.381" /><testcase classname="backend.tests.test_api.TestAuthentication" name="test_verify_token" time="0.333" /><testcase classname="backend.tests.test_api.TestProjects" name="test_list_projects" time="0.173" /><testcase classname="backend.tests.test_api.TestProjects" name="test_create_project" time="0.276" /><testcase classname="backend.tests.test_api.TestProjects" name="test_project_exists_after_create" time="0.132" /><testcase classname="backend.tests.test_api.TestProjects" name="test_duplicate_project_rejected" time="0.147" /><testcase classname="backend.tests.test_api.TestProjectScopedItems" name="test_send_items_to_project" time="0.356" /><testcase classname="backend.tests.test_api.TestProjectScopedItems" name="test_claim_gift_from_project" time="0.132" /><testcase classname="backend.tests.test_api.TestProjectScopedItems" name="test_items_not_visible_in_other_project" time="0.264" /><testcase classname="backend.tests.test_api.TestProjectScopedStatus" name="test_get_status" time="0.149" /><testcase classname="backend.tests.test_api.TestProjectScopedStatus" name="test_change_status" time="0.141" /><testcase classname="backend.tests.test_api.TestProjectScopedStatus" name="test_status_persisted" time="0.230" /><testcase classname="backend.tests.test_api.TestProjectScopedStatus" name="test_status_isolated_per_project" time="0.309" /><testcase classname="backend.tests.test_api.TestProjectScopedVariables" name="test_create_variable" time="0.264" /><testcase classname="backend.tests.test_api.TestProjectScopedVariables" name="test_list_variables" time="0.146" /><testcase classname="backend.tests.test_api.TestProjectScopedVariables" name="test_get_variable_public" time="0.141" /><testcase classname="backend.tests.test_api.TestProjectScopedVariables" name="test_update_variable" time="0.149" /><testcase classname="backend.tests.test_api.TestProjectScopedVariables" name="test_variable_isolated_per_project" time="0.304" /><testcase classname="backend.tests.test_api.TestProjectScopedLogs" name="test_get_logs" time="0.139" /><testcase classname="backend.tests.test_api.TestProjectScopedLogs" name="test_logs_filtered_by_type" time="0.219" /><testcase classname="backend.tests.test_api.TestUserManagement" name="test_list_users" time="0.136" /><testcase classname="backend.tests.test_api.TestUserManagement" name="test_create_user" time="0.524" /><testcase classname="backend.tests.test_api.TestUserManagement" name="test_update_user_permissions" time="0.163" /><testcase classname="backend.tests.test_api.TestUserManagement" name="test_delete_user" time="0.132" /><testcase classname="backend.tests.test_api.TestExistingProject" name="test_my_game_exists" time="0.129" /><testcase classname="backend.tests.test_api.TestExistingProject" name="test_my_game_status" time="0.146" /><testcase classname="backend.tests.test_api.TestExistingProject" name="test_my_game_variables" time="0.151" /><testcase classname="backend.tests.test_api.TestCleanup" name="test_delete_test_project" time="0.133" /><testcase classname="backend.tests.test_api.TestCleanup" name="test_project_deleted" time="0.157" /></testsuite></testsuites>