<?xml version="1.0" encoding="utf-8"?><testsuites name="pytest tests"><testsuite name="pytest" errors="0" failures="0" skipped="0" tests="33" time="6.646" timestamp="2026-05-07T22:17:22.452909+00:00" hostname="agent-env-3510423d-3b96-4d97-95cf-710201ecce45"><testcase classname="backend.tests.test_api_v120.TestVersion" name="test_version_endpoint" time="0.227" /><testcase classname="backend.tests.test_api_v120.TestPermissions" name="test_permissions_endpoint_returns_20" time="0.128" /><testcase classname="backend.tests.test_api_v120.TestAuthentication" name="test_login_with_master_key_returns_all_20_permissions" time="0.134" /><testcase classname="backend.tests.test_api_v120.TestAuthentication" name="test_login_with_invalid_key" time="0.380" /><testcase classname="backend.tests.test_api_v120.TestAuthentication" name="test_verify_token" time="0.270" /><testcase classname="backend.tests.test_api_v120.TestWebsiteGames" name="test_create_game" time="0.261" /><testcase classname="backend.tests.test_api_v120.TestWebsiteGames" name="test_list_games_admin" time="0.130" /><testcase classname="backend.tests.test_api_v120.TestWebsiteGames" name="test_update_game" time="0.141" /><testcase classname="backend.tests.test_api_v120.TestWebsiteGames" name="test_list_games_public_shows_published" time="0.123" /><testcase classname="backend.tests.test_api_v120.TestWebsiteGames" name="test_delete_game" time="0.199" /><testcase classname="backend.tests.test_api_v120.TestWebsiteBlog" name="test_create_blog_post" time="0.125" /><testcase classname="backend.tests.test_api_v120.TestWebsiteBlog" name="test_list_blog_admin" time="0.127" /><testcase classname="backend.tests.test_api_v120.TestWebsiteBlog" name="test_update_blog_post" time="0.281" /><testcase classname="backend.tests.test_api_v120.TestWebsiteBlog" name="test_list_blog_public_shows_published" time="0.120" /><testcase classname="backend.tests.test_api_v120.TestWebsiteBlog" name="test_get_blog_post_by_slug" time="0.254" /><testcase classname="backend.tests.test_api_v120.TestWebsiteBlog" name="test_delete_blog_post" time="0.349" /><testcase classname="backend.tests.test_api_v120.TestWebsiteSettings" name="test_get_website_settings" time="0.119" /><testcase classname="backend.tests.test_api_v120.TestWebsiteSettings" name="test_toggle_maintenance_mode" time="0.411" /><testcase classname="backend.tests.test_api_v120.TestProjects" name="test_list_projects" time="0.136" /><testcase classname="backend.tests.test_api_v120.TestProjects" name="test_create_project" time="0.265" /><testcase classname="backend.tests.test_api_v120.TestProjectScopedEndpoints" name="test_send_items" time="0.148" /><testcase classname="backend.tests.test_api_v120.TestProjectScopedEndpoints" name="test_get_status" time="0.132" /><testcase classname="backend.tests.test_api_v120.TestProjectScopedEndpoints" name="test_change_status" time="0.142" /><testcase classname="backend.tests.test_api_v120.TestProjectScopedEndpoints" name="test_create_variable" time="0.286" /><testcase classname="backend.tests.test_api_v120.TestProjectScopedEndpoints" name="test_list_variables" time="0.132" /><testcase classname="backend.tests.test_api_v120.TestProjectScopedEndpoints" name="test_get_logs" time="0.156" /><testcase classname="backend.tests.test_api_v120.TestUserManagement" name="test_list_users" time="0.192" /><testcase classname="backend.tests.test_api_v120.TestUserManagement" name="test_create_user_with_website_permissions" time="0.481" /><testcase classname="backend.tests.test_api_v120.TestUserManagement" name="test_delete_user" time="0.128" /><testcase classname="backend.tests.test_api_v120.TestExistingData" name="test_existing_game_last_stand" time="0.131" /><testcase classname="backend.tests.test_api_v120.TestExistingData" name="test_existing_blog_post" time="0.137" /><testcase classname="backend.tests.test_api_v120.TestExistingData" name="test_existing_project_my_city" time="0.124" /><testcase classname="backend.tests.test_api_v120.TestCleanup" name="test_delete_test_project" time="0.129" /></testsuite></testsuites>