<?xml version="1.0" encoding="utf-8"?><testsuites name="pytest tests"><testsuite name="pytest" errors="0" failures="1" skipped="0" tests="8" time="5.197" timestamp="2026-05-08T18:27:58.165190+00:00" hostname="agent-env-3510423d-3b96-4d97-95cf-710201ecce45"><testcase classname="backend.tests.test_v130_first_login.TestVersion" name="test_version_is_130" time="0.193" /><testcase classname="backend.tests.test_v130_first_login.TestCurrentSuperAdminKey" name="test_login_with_current_key" time="0.362" /><testcase classname="backend.tests.test_v130_first_login.TestCurrentSuperAdminKey" name="test_verify_token" time="0.492" /><testcase classname="backend.tests.test_v130_first_login.TestInitialSetupKeyRejected" name="test_initial_setup_key_rejected" time="0.578" /><testcase classname="backend.tests.test_v130_first_login.TestFirstLoginFlow" name="test_first_login_generates_new_key" time="1.343" /><testcase classname="backend.tests.test_v130_first_login.TestLoginResponseStructure" name="test_login_response_has_required_fields" time="0.653"><failure message="assert 401 == 200&#10; +  where 401 = &lt;Response [401]&gt;.status_code">backend/tests/test_v130_first_login.py:175: in test_login_response_has_required_fields
    assert response.status_code == 200
E   assert 401 == 200
E    +  where 401 = &lt;Response [401]&gt;.status_code</failure></testcase><testcase classname="backend.tests.test_v130_first_login.TestInvalidKeyRejection" name="test_random_key_rejected" time="0.641" /><testcase classname="backend.tests.test_v130_first_login.TestInvalidKeyRejection" name="test_empty_key_rejected" time="0.645" /></testsuite></testsuites>