<?xml version="1.0" encoding="utf-8"?><testsuites name="pytest tests"><testsuite name="pytest" errors="0" failures="0" skipped="0" tests="29" time="6.112" timestamp="2026-05-07T21:48:56.549592+00:00" hostname="agent-env-3510423d-3b96-4d97-95cf-710201ecce45"><testcase classname="backend.tests.test_api.TestVersion" name="test_version_endpoint" time="0.235" /><testcase classname="backend.tests.test_api.TestPermissions" name="test_permissions_endpoint" time="0.137" /><testcase classname="backend.tests.test_api.TestAuthentication" name="test_login_with_master_key" time="0.201" /><testcase classname="backend.tests.test_api.TestAuthentication" name="test_login_with_invalid_key" time="0.422" /><testcase classname="backend.tests.test_api.TestAuthentication" name="test_verify_token" time="0.256" /><testcase classname="backend.tests.test_api.TestProjects" name="test_list_projects" time="0.127" /><testcase classname="backend.tests.test_api.TestProjects" name="test_create_project" time="0.302" /><testcase classname="backend.tests.test_api.TestProjects" name="test_project_exists_after_create" time="0.169" /><testcase classname="backend.tests.test_api.TestProjects" name="test_duplicate_project_rejected" time="0.123" /><testcase classname="backend.tests.test_api.TestProjectScopedItems" name="test_send_items_to_project" time="0.176" /><testcase classname="backend.tests.test_api.TestProjectScopedItems" name="test_claim_gift_from_project" time="0.126" /><testcase classname="backend.tests.test_api.TestProjectScopedItems" name="test_delete_items_for_uid" time="0.286" /><testcase classname="backend.tests.test_api.TestProjectScopedItems" name="test_items_not_visible_in_other_project" time="0.317" /><testcase classname="backend.tests.test_api.TestProjectScopedStatus" name="test_get_status" time="0.133" /><testcase classname="backend.tests.test_api.TestProjectScopedStatus" name="test_change_status" time="0.162" /><testcase classname="backend.tests.test_api.TestProjectScopedStatus" name="test_status_persisted" time="0.146" /><testcase classname="backend.tests.test_api.TestProjectScopedVariables" name="test_create_variable" time="0.257" /><testcase classname="backend.tests.test_api.TestProjectScopedVariables" name="test_list_variables" time="0.141" /><testcase classname="backend.tests.test_api.TestProjectScopedVariables" name="test_get_variable_public" time="0.160" /><testcase classname="backend.tests.test_api.TestProjectScopedVariables" name="test_update_variable" time="0.235" /><testcase classname="backend.tests.test_api.TestProjectScopedVariables" name="test_delete_variable" time="0.296" /><testcase classname="backend.tests.test_api.TestProjectScopedLogs" name="test_get_logs" time="0.143" /><testcase classname="backend.tests.test_api.TestProjectScopedLogs" name="test_logs_filtered_by_type" time="0.115" /><testcase classname="backend.tests.test_api.TestUserManagement" name="test_list_users" time="0.174" /><testcase classname="backend.tests.test_api.TestUserManagement" name="test_create_user_with_granular_permissions" time="0.469" /><testcase classname="backend.tests.test_api.TestUserManagement" name="test_update_user_permissions_granular" time="0.190" /><testcase classname="backend.tests.test_api.TestUserManagement" name="test_delete_user" time="0.136" /><testcase classname="backend.tests.test_api.TestCleanup" name="test_delete_test_project" time="0.128" /><testcase classname="backend.tests.test_api.TestCleanup" name="test_project_deleted" time="0.132" /></testsuite></testsuites>