<?xml version="1.0" encoding="utf-8"?><testsuites name="pytest tests"><testsuite name="pytest" errors="0" failures="0" skipped="0" tests="18" time="3.464" timestamp="2026-05-08T17:54:56.139289+00:00" hostname="agent-env-3510423d-3b96-4d97-95cf-710201ecce45"><testcase classname="backend.tests.test_bugfixes_v120.TestFeaturedGameEndpoint" name="test_featured_game_endpoint_exists" time="0.215" /><testcase classname="backend.tests.test_bugfixes_v120.TestFeaturedGameEndpoint" name="test_featured_game_returns_last_stand" time="0.145" /><testcase classname="backend.tests.test_bugfixes_v120.TestMaintenanceMode" name="test_get_maintenance_status" time="0.117" /><testcase classname="backend.tests.test_bugfixes_v120.TestMaintenanceMode" name="test_enable_maintenance_mode" time="0.273" /><testcase classname="backend.tests.test_bugfixes_v120.TestMaintenanceMode" name="test_verify_maintenance_enabled" time="0.110" /><testcase classname="backend.tests.test_bugfixes_v120.TestMaintenanceMode" name="test_disable_maintenance_mode" time="0.121" /><testcase classname="backend.tests.test_bugfixes_v120.TestMaintenanceMode" name="test_verify_maintenance_disabled" time="0.148" /><testcase classname="backend.tests.test_bugfixes_v120.TestPlatformOptions" name="test_create_game_with_web_platform" time="0.263" /><testcase classname="backend.tests.test_bugfixes_v120.TestPlatformOptions" name="test_create_game_with_android_platform" time="0.113" /><testcase classname="backend.tests.test_bugfixes_v120.TestPlatformOptions" name="test_create_game_with_multiple_platforms" time="0.120" /><testcase classname="backend.tests.test_bugfixes_v120.TestPlatformOptions" name="test_cleanup_test_games" time="0.375" /><testcase classname="backend.tests.test_bugfixes_v120.TestFeaturedToggle" name="test_list_games_shows_featured_status" time="0.107" /><testcase classname="backend.tests.test_bugfixes_v120.TestFeaturedToggle" name="test_update_game_featured_status" time="0.551" /><testcase classname="backend.tests.test_bugfixes_v120.TestPublicEndpoints" name="test_public_games_endpoint" time="0.125" /><testcase classname="backend.tests.test_bugfixes_v120.TestPublicEndpoints" name="test_public_blog_endpoint" time="0.140" /><testcase classname="backend.tests.test_bugfixes_v120.TestPublicEndpoints" name="test_version_endpoint" time="0.127" /><testcase classname="backend.tests.test_bugfixes_v120.TestLoginAndDashboard" name="test_login_with_master_key" time="0.109" /><testcase classname="backend.tests.test_bugfixes_v120.TestLoginAndDashboard" name="test_token_verification" time="0.114" /></testsuite></testsuites>